0 info it worked if it ends with ok
1 verbose cli [ 'c:\\Program Files (x86)\\nodejs\\node.exe',
1 verbose cli   'c:\\Program Files (x86)\\nodejs\\node_modules\\npm\\bin\\npm-cli.js',
1 verbose cli   'stop' ]
2 info using npm@2.5.1
3 info using node@v0.12.0
4 verbose stack Error: missing script: stop
4 verbose stack     at run (c:\Program Files (x86)\nodejs\node_modules\npm\lib\run-script.js:138:19)
4 verbose stack     at c:\Program Files (x86)\nodejs\node_modules\npm\lib\run-script.js:81:5
4 verbose stack     at c:\Program Files (x86)\nodejs\node_modules\npm\node_modules\read-package-json\read-json.js:51:40
4 verbose stack     at final (c:\Program Files (x86)\nodejs\node_modules\npm\node_modules\read-package-json\read-json.js:349:17)
4 verbose stack     at then (c:\Program Files (x86)\nodejs\node_modules\npm\node_modules\read-package-json\read-json.js:126:33)
4 verbose stack     at c:\Program Files (x86)\nodejs\node_modules\npm\node_modules\read-package-json\read-json.js:316:48
4 verbose stack     at evalmachine.<anonymous>:265:20
4 verbose stack     at OpenReq.Req.done (c:\Program Files (x86)\nodejs\node_modules\npm\node_modules\graceful-fs\graceful-fs.js:141:5)
4 verbose stack     at OpenReq.done (c:\Program Files (x86)\nodejs\node_modules\npm\node_modules\graceful-fs\graceful-fs.js:61:22)
4 verbose stack     at FSReqWrap.oncomplete (evalmachine.<anonymous>:99:15)
5 verbose cwd c:\Users\Maggie\Searches\CSC309\CommunityFund\cappifando\server
6 error Windows_NT 6.1.7601
7 error argv "c:\\Program Files (x86)\\nodejs\\node.exe" "c:\\Program Files (x86)\\nodejs\\node_modules\\npm\\bin\\npm-cli.js" "stop"
8 error node v0.12.0
9 error npm  v2.5.1
10 error missing script: stop
11 error If you need help, you may report this error at:
11 error     <http://github.com/npm/npm/issues>
12 verbose exit [ 1, true ]
